# JRE version: Java(TM) SE Runtime Environment (25.0.2+10) (build 25.0.2+10-LTS-69)
# Java VM: Java HotSpot(TM) 64-Bit Server VM (25.0.2+10-LTS-69, mixed mode, sharing, tiered, compressed oops, compressed class ptrs, g1 gc, windows-amd64)
GC Precious Log:
 CardTable entry size: 512
 Card Set container configuration: InlinePtr #cards 5 size 8 Array Of Cards #cards 10 size 36 Howl #buckets 4 coarsen threshold 1843 Howl Bitmap #cards 512 size 80 coarsen threshold 460 Card regions per heap region 1 cards per card region 2048
 CPUs: 4 total, 4 available
 Memory: 3459M
 Large Page Support: Disabled
 NUMA Support: Disabled
 Compressed Oops: Enabled (32-bit)
 Heap Region Size: 1M
 Heap Min Capacity: 8M
 Heap Initial Capacity: 56M
 Heap Max Capacity: 384M
 Pre-touch: Disabled
 Parallel Workers: 4
 Concurrent Workers: 1
 Concurrent Refinement Workers: 4
 Periodic GC: Disabled
Heap:
 garbage-first heap   total reserved 393216K, committed 132096K, used 79504K [0x00000000e8000000, 0x0000000100000000)
  region size 1024K, 23 young (23552K), 6 survivors (6144K)
GC Heap Usage History (20 events):
Event: 25.054 {heap Before GC invocations=22 (full 0):
 garbage-first heap   total reserved 393216K, committed 87040K, used 79670K [0x00000000e8000000, 0x0000000100000000)
  region size 1024K, 35 young (35840K), 3 survivors (3072K)
}
Event: 25.072 {heap After GC invocations=23 (full 0):
 garbage-first heap   total reserved 393216K, committed 87040K, used 48624K [0x00000000e8000000, 0x0000000100000000)
  region size 1024K, 5 young (5120K), 5 survivors (5120K)
}
Event: 26.414 {heap Before GC invocations=23 (full 0):
 garbage-first heap   total reserved 393216K, committed 87040K, used 80368K [0x00000000e8000000, 0x0000000100000000)
  region size 1024K, 36 young (36864K), 5 survivors (5120K)
}
Event: 26.434 {heap After GC invocations=24 (full 0):
 garbage-first heap   total reserved 393216K, committed 88064K, used 50557K [0x00000000e8000000, 0x0000000100000000)
  region size 1024K, 5 young (5120K), 5 survivors (5120K)
}
Event: 26.828 {heap Before GC invocations=25 (full 0):
 garbage-first heap   total reserved 393216K, committed 88064K, used 81277K [0x00000000e8000000, 0x0000000100000000)
  region size 1024K, 35 young (35840K), 5 survivors (5120K)
}
Event: 26.860 {heap After GC invocations=26 (full 0):
 garbage-first heap   total reserved 393216K, committed 90112K, used 53634K [0x00000000e8000000, 0x0000000100000000)
  region size 1024K, 5 young (5120K), 5 survivors (5120K)
}
Event: 27.126 {heap Before GC invocations=26 (full 0):
 garbage-first heap   total reserved 393216K, committed 90112K, used 81282K [0x00000000e8000000, 0x0000000100000000)
  region size 1024K, 32 young (32768K), 5 survivors (5120K)
}
Event: 27.146 {heap After GC invocations=27 (full 0):
 garbage-first heap   total reserved 393216K, committed 90112K, used 54609K [0x00000000e8000000, 0x0000000100000000)
  region size 1024K, 4 young (4096K), 4 survivors (4096K)
}
Event: 27.275 {heap Before GC invocations=27 (full 0):
 garbage-first heap   total reserved 393216K, committed 90112K, used 81233K [0x00000000e8000000, 0x0000000100000000)
  region size 1024K, 30 young (30720K), 4 survivors (4096K)
}
Event: 27.283 {heap After GC invocations=28 (full 0):
 garbage-first heap   total reserved 393216K, committed 90112K, used 53984K [0x00000000e8000000, 0x0000000100000000)
  region size 1024K, 3 young (3072K), 3 survivors (3072K)
}
Event: 27.448 {heap Before GC invocations=28 (full 0):
 garbage-first heap   total reserved 393216K, committed 90112K, used 81632K [0x00000000e8000000, 0x0000000100000000)
  region size 1024K, 30 young (30720K), 3 survivors (3072K)
}
Event: 27.451 {heap After GC invocations=29 (full 0):
 garbage-first heap   total reserved 393216K, committed 90112K, used 52022K [0x00000000e8000000, 0x0000000100000000)
  region size 1024K, 1 young (1024K), 1 survivors (1024K)
}
Event: 28.018 {heap Before GC invocations=30 (full 0):
 garbage-first heap   total reserved 393216K, committed 90112K, used 81718K [0x00000000e8000000, 0x0000000100000000)
  region size 1024K, 30 young (30720K), 1 survivors (1024K)
}
Event: 28.031 {heap After GC invocations=31 (full 0):
 garbage-first heap   total reserved 393216K, committed 90112K, used 55781K [0x00000000e8000000, 0x0000000100000000)
  region size 1024K, 4 young (4096K), 4 survivors (4096K)
}
Event: 28.254 {heap Before GC invocations=31 (full 0):
 garbage-first heap   total reserved 393216K, committed 90112K, used 81381K [0x00000000e8000000, 0x0000000100000000)
  region size 1024K, 29 young (29696K), 4 survivors (4096K)
}
Event: 28.273 {heap After GC invocations=32 (full 0):
 garbage-first heap   total reserved 393216K, committed 90112K, used 55788K [0x00000000e8000000, 0x0000000100000000)
  region size 1024K, 1 young (1024K), 1 survivors (1024K)
}
Event: 28.855 {heap Before GC invocations=32 (full 0):
 garbage-first heap   total reserved 393216K, committed 90112K, used 81388K [0x00000000e8000000, 0x0000000100000000)
  region size 1024K, 27 young (27648K), 1 survivors (1024K)
}
Event: 28.875 {heap After GC invocations=33 (full 0):
 garbage-first heap   total reserved 393216K, committed 132096K, used 61440K [0x00000000e8000000, 0x0000000100000000)
  region size 1024K, 4 young (4096K), 4 survivors (4096K)
}
Event: 29.953 {heap Before GC invocations=34 (full 0):
 garbage-first heap   total reserved 393216K, committed 132096K, used 117760K [0x00000000e8000000, 0x0000000100000000)
  region size 1024K, 59 young (60416K), 4 survivors (4096K)
}
Event: 29.965 {heap After GC invocations=35 (full 0):
 garbage-first heap   total reserved 393216K, committed 132096K, used 63120K [0x00000000e8000000, 0x0000000100000000)
  region size 1024K, 6 young (6144K), 6 survivors (6144K)
}

