# JRE version: Java(TM) SE Runtime Environment (25.0.2+10) (build 25.0.2+10-LTS-69)
# Java VM: Java HotSpot(TM) 64-Bit Server VM (25.0.2+10-LTS-69, mixed mode, sharing, tiered, compressed oops, compressed class ptrs, g1 gc, windows-amd64)
GC Precious Log:
 CardTable entry size: 512
 Card Set container configuration: InlinePtr #cards 5 size 8 Array Of Cards #cards 10 size 36 Howl #buckets 4 coarsen threshold 1843 Howl Bitmap #cards 512 size 80 coarsen threshold 460 Card regions per heap region 1 cards per card region 2048
 CPUs: 4 total, 4 available
 Memory: 3459M
 Large Page Support: Disabled
 NUMA Support: Disabled
 Compressed Oops: Enabled (32-bit)
 Heap Region Size: 1M
 Heap Min Capacity: 8M
 Heap Initial Capacity: 56M
 Heap Max Capacity: 256M
 Pre-touch: Disabled
 Parallel Workers: 4
 Concurrent Workers: 1
 Concurrent Refinement Workers: 4
 Periodic GC: Disabled
Heap:
 garbage-first heap   total reserved 262144K, committed 59392K, used 32728K [0x00000000f0000000, 0x0000000100000000)
  region size 1024K, 23 young (23552K), 4 survivors (4096K)
GC Heap Usage History (8 events):
Event: 1.442 {heap Before GC invocations=0 (full 0):
 garbage-first heap   total reserved 262144K, committed 59392K, used 29845K [0x00000000f0000000, 0x0000000100000000)
  region size 1024K, 28 young (28672K), 0 survivors (0K)
}
Event: 1.452 {heap After GC invocations=1 (full 0):
 garbage-first heap   total reserved 262144K, committed 59392K, used 4373K [0x00000000f0000000, 0x0000000100000000)
  region size 1024K, 4 young (4096K), 4 survivors (4096K)
}
Event: 2.821 {heap Before GC invocations=1 (full 0):
 garbage-first heap   total reserved 262144K, committed 59392K, used 26901K [0x00000000f0000000, 0x0000000100000000)
  region size 1024K, 27 young (27648K), 4 survivors (4096K)
}
Event: 2.833 {heap After GC invocations=2 (full 0):
 garbage-first heap   total reserved 262144K, committed 59392K, used 6194K [0x00000000f0000000, 0x0000000100000000)
  region size 1024K, 2 young (2048K), 2 survivors (2048K)
}
Event: 5.367 {heap Before GC invocations=2 (full 0):
 garbage-first heap   total reserved 262144K, committed 59392K, used 34866K [0x00000000f0000000, 0x0000000100000000)
  region size 1024K, 30 young (30720K), 2 survivors (2048K)
}
Event: 5.382 {heap After GC invocations=3 (full 0):
 garbage-first heap   total reserved 262144K, committed 59392K, used 9916K [0x00000000f0000000, 0x0000000100000000)
  region size 1024K, 4 young (4096K), 4 survivors (4096K)
}
Event: 6.506 {heap Before GC invocations=3 (full 0):
 garbage-first heap   total reserved 262144K, committed 59392K, used 37564K [0x00000000f0000000, 0x0000000100000000)
  region size 1024K, 32 young (32768K), 4 survivors (4096K)
}
Event: 6.528 {heap After GC invocations=4 (full 0):
 garbage-first heap   total reserved 262144K, committed 59392K, used 14296K [0x00000000f0000000, 0x0000000100000000)
  region size 1024K, 4 young (4096K), 4 survivors (4096K)
}

